[2026-01-14T22:47:34.624] [INFO] xdiva - xDIVA app initializing...
[2026-01-14T22:47:34.627] [INFO] xdiva - Trying to connect with gdb plugin...
[2026-01-14T22:47:34.628] [INFO] xdiva - Trying to connect with viewer...
[2026-01-14T22:47:34.945] [ERROR] xdiva - Connection error with viewer: 
[2026-01-14T22:47:34.946] [ERROR] xdiva - Connection error with gdb plugin: 
[2026-01-14T22:47:34.948] [INFO] xdiva - Connection closed with gdb plugin.
[2026-01-14T22:47:34.949] [INFO] xdiva - Connection closed with viewer.
[2026-01-14T22:56:48.127] [INFO] xdiva - xDIVA app initializing...
[2026-01-14T22:56:48.128] [INFO] xdiva - Trying to connect with gdb plugin...
[2026-01-14T22:56:48.128] [INFO] xdiva - Trying to connect with viewer...
[2026-01-14T22:56:48.179] [ERROR] xdiva - Connection error with gdb plugin: 
[2026-01-14T22:56:48.181] [INFO] xdiva - Connection closed with gdb plugin.
[2026-01-14T22:56:48.183] [ERROR] xdiva - Connection error with viewer: 
[2026-01-14T22:56:48.184] [INFO] xdiva - Connection closed with viewer.
[2026-01-14T23:09:12.040] [INFO] xdiva - xDIVA app initializing...
[2026-01-14T23:09:12.041] [INFO] xdiva - Trying to connect with gdb plugin...
[2026-01-14T23:09:12.042] [INFO] xdiva - Trying to connect with viewer...
[2026-01-14T23:09:12.168] [ERROR] xdiva - Connection error with viewer: 
[2026-01-14T23:09:12.168] [INFO] xdiva - Connection closed with viewer.
[2026-01-14T23:09:12.192] [ERROR] xdiva - Connection error with gdb plugin: 
[2026-01-14T23:09:12.192] [INFO] xdiva - Connection closed with gdb plugin.
[2026-01-15T00:07:30.109] [INFO] xdiva - xDIVA app initializing...
[2026-01-15T00:07:30.110] [INFO] xdiva - Trying to connect with gdb plugin...
[2026-01-15T00:07:30.110] [INFO] xdiva - Trying to connect with viewer...
[2026-01-15T00:07:30.677] [ERROR] xdiva - Connection error with gdb plugin: 
[2026-01-15T00:07:30.678] [ERROR] xdiva - Connection error with viewer: 
[2026-01-15T00:07:30.681] [INFO] xdiva - Connection closed with viewer.
[2026-01-15T00:07:30.682] [INFO] xdiva - Connection closed with gdb plugin.
[2026-01-15T00:36:34.834] [INFO] xdiva - xDIVA app initializing...
[2026-01-15T00:36:34.836] [INFO] xdiva - Trying to connect with gdb plugin...
[2026-01-15T00:36:34.838] [INFO] xdiva - Trying to connect with viewer...
[2026-01-15T00:36:42.366] [ERROR] xdiva - Connection error with gdb plugin: 
[2026-01-15T00:36:42.366] [ERROR] xdiva - Connection error with viewer: 
[2026-01-15T00:36:42.371] [INFO] xdiva - Connection closed with viewer.
[2026-01-15T00:36:42.372] [INFO] xdiva - Connection closed with gdb plugin.
[2026-01-15T01:09:07.513] [INFO] xdiva - xDIVA app initializing...
[2026-01-15T01:09:07.514] [INFO] xdiva - Trying to connect with gdb plugin...
[2026-01-15T01:09:07.515] [INFO] xdiva - Trying to connect with viewer...
[2026-01-15T01:09:16.844] [ERROR] xdiva - Connection error with gdb plugin: 
[2026-01-15T01:09:16.845] [ERROR] xdiva - Connection error with viewer: 
[2026-01-15T01:09:16.859] [INFO] xdiva - Connection closed with viewer.
[2026-01-15T01:09:16.859] [INFO] xdiva - Connection closed with gdb plugin.
[2026-01-15T06:55:15.263] [INFO] xdiva - xDIVA app initializing...
[2026-01-15T06:55:15.264] [INFO] xdiva - Trying to connect with gdb plugin...
[2026-01-15T06:55:15.264] [INFO] xdiva - Trying to connect with viewer...
[2026-01-15T06:55:15.371] [ERROR] xdiva - Connection error with gdb plugin: 
[2026-01-15T06:55:15.372] [INFO] xdiva - Connection closed with gdb plugin.
[2026-01-15T06:55:15.490] [ERROR] xdiva - Connection error with viewer: 
[2026-01-15T06:55:15.491] [INFO] xdiva - Connection closed with viewer.
